INFO:  latexindent.exe version 3.15, 2022-01-21, a script to indent .tex files
       latexindent.exe lives here: C:/texlive/2021/bin/win32/
       Fri Feb 24 21:43:36 2023
       Filename: c:/Users/washi/Documents/Github/C_numerical_analysis/src/homework_zips/REPORT_3/__latexindent_temp_report.tex
INFO:  Processing switches:
       -y|--yaml: YAML settings specified via command line
       -c|--cruft: cruft directory
INFO:  Directory for backup files and c:/Users/washi/Documents/Github/C_numerical_analysis/src/homework_zips/REPORT_2//indent.log: c:/Users/washi/Documents/Github/C_numerical_analysis/src/homework_zips/REPORT_2/
INFO:  YAML settings read: defaultSettings.yaml
       Reading defaultSettings.yaml from C:/texlive/2021/bin/win32/defaultSettings.yaml
       Reading defaultSettings.yaml (2nd attempt) from C:/texlive/2021/bin/win32/../../texmf-dist/scripts/latexindent/defaultSettings.yaml
       and then, if necessary, C:/texlive/2021/bin/win32/LatexIndent/defaultSettings.yaml
INFO:  YAML settings read: indentconfig.yaml or .indentconfig.yaml
       Home directory is C:\Users\washi (didn't find either indentconfig.yaml or .indentconfig.yaml)
       To specify user settings you would put indentconfig.yaml here: C:\Users\washi/indentconfig.yaml
       Alternatively, you can use the hidden file .indentconfig.yaml as: C:\Users\washi/.indentconfig.yaml
INFO:  YAML settings read: -y switch
       YAML setting: defaultIndent:'  '
       single-quoted string found in -y switch: '  ', substitute to   
       Updating mainSettings with defaultIndent:   
INFO:  Phase 1: searching for objects
INFO:  Phase 2: finding surrounding indentation
INFO:  Phase 3: indenting objects
INFO:  Phase 4: final indentation check
INFO:  Output routine:
       Not outputting to file; see -w and -o switches for more options.
       --------------
INFO:  Please direct all communication/issues to:
        https://github.com/cmhughes/latexindent.pl
